Mon Apr 29 20:35:50 2019
Number of model parameters: 44036910
Epoch: [1][0/400]	Time 12.627 (12.627)	Loss 6.8981 (6.8981))	Prec@1 0.000 (0.000)	Prec@5 0.000 (0.000)	
Epoch: [1][25/400]	Time 1.676 (2.095)	Loss 7.3296 (8.6749))	Prec@1 0.667 (0.154)	Prec@5 0.667 (0.615)	
Epoch: [1][50/400]	Time 1.662 (1.888)	Loss 6.6806 (7.7551))	Prec@1 0.667 (0.170)	Prec@5 1.333 (0.654)	
Epoch: [1][75/400]	Time 1.673 (1.818)	Loss 6.6270 (7.3858))	Prec@1 0.000 (0.149)	Prec@5 0.000 (0.649)	
Epoch: [1][100/400]	Time 1.661 (1.783)	Loss 6.6087 (7.1981))	Prec@1 0.000 (0.145)	Prec@5 0.000 (0.640)	
Epoch: [1][125/400]	Time 1.680 (1.762)	Loss 6.6232 (7.0858))	Prec@1 0.000 (0.159)	Prec@5 0.000 (0.656)	
Epoch: [1][150/400]	Time 1.675 (1.747)	Loss 6.6246 (7.0091))	Prec@1 0.000 (0.150)	Prec@5 0.667 (0.631)	
Epoch: [1][175/400]	Time 1.678 (1.738)	Loss 6.6255 (6.9539))	Prec@1 0.000 (0.152)	Prec@5 0.667 (0.636)	
Epoch: [1][200/400]	Time 1.675 (1.730)	Loss 6.6069 (6.9130))	Prec@1 0.000 (0.139)	Prec@5 0.667 (0.637)	
Epoch: [1][225/400]	Time 1.678 (1.724)	Loss 6.6269 (6.8815))	Prec@1 0.000 (0.127)	Prec@5 0.667 (0.619)	
Epoch: [1][250/400]	Time 1.676 (1.719)	Loss 6.6269 (6.8561))	Prec@1 0.000 (0.133)	Prec@5 0.000 (0.614)	
Epoch: [1][275/400]	Time 1.677 (1.715)	Loss 6.6292 (6.8351))	Prec@1 0.000 (0.128)	Prec@5 0.000 (0.616)	
Epoch: [1][300/400]	Time 1.681 (1.712)	Loss 6.6299 (6.8171))	Prec@1 0.667 (0.131)	Prec@5 1.333 (0.620)	
Epoch: [1][325/400]	Time 1.678 (1.709)	Loss 6.6253 (6.8018))	Prec@1 0.000 (0.141)	Prec@5 0.667 (0.638)	
Epoch: [1][350/400]	Time 1.675 (1.707)	Loss 6.5924 (6.7886))	Prec@1 0.667 (0.141)	Prec@5 1.333 (0.655)	
Epoch: [1][375/400]	Time 1.674 (1.705)	Loss 6.6104 (6.7764))	Prec@1 0.000 (0.144)	Prec@5 0.000 (0.661)	
Mon Apr 29 20:47:28 2019
 * Prec@1 0.240
Epoch: [2][0/400]	Time 2.133 (2.133)	Loss 6.5778 (6.5778))	Prec@1 0.000 (0.000)	Prec@5 0.667 (0.667)	
Epoch: [2][25/400]	Time 1.678 (1.695)	Loss 6.5892 (6.5566))	Prec@1 0.000 (0.231)	Prec@5 0.667 (1.410)	
Epoch: [2][50/400]	Time 1.682 (1.686)	Loss 6.5034 (6.5478))	Prec@1 0.000 (0.235)	Prec@5 2.000 (1.229)	
Epoch: [2][75/400]	Time 1.682 (1.683)	Loss 6.4824 (6.5425))	Prec@1 0.000 (0.246)	Prec@5 0.000 (1.246)	
Epoch: [2][100/400]	Time 1.669 (1.682)	Loss 6.5066 (6.5355))	Prec@1 0.000 (0.257)	Prec@5 0.667 (1.254)	
Epoch: [2][125/400]	Time 1.675 (1.681)	Loss 6.4925 (6.5326))	Prec@1 0.667 (0.286)	Prec@5 1.333 (1.275)	
Epoch: [2][150/400]	Time 1.675 (1.680)	Loss 6.4875 (6.5265))	Prec@1 0.667 (0.300)	Prec@5 2.667 (1.325)	
Epoch: [2][175/400]	Time 1.676 (1.680)	Loss 6.5188 (6.5230))	Prec@1 0.000 (0.284)	Prec@5 0.667 (1.379)	
Epoch: [2][200/400]	Time 1.673 (1.679)	Loss 6.4865 (6.5171))	Prec@1 0.000 (0.292)	Prec@5 1.333 (1.386)	
Epoch: [2][225/400]	Time 1.668 (1.679)	Loss 6.4519 (6.5123))	Prec@1 0.000 (0.268)	Prec@5 2.000 (1.404)	
Epoch: [2][250/400]	Time 1.674 (1.679)	Loss 6.4865 (6.5068))	Prec@1 0.000 (0.282)	Prec@5 2.000 (1.458)	
Epoch: [2][275/400]	Time 1.682 (1.679)	Loss 6.3662 (6.5019))	Prec@1 0.667 (0.285)	Prec@5 2.000 (1.495)	
Epoch: [2][300/400]	Time 1.676 (1.679)	Loss 6.4779 (6.4959))	Prec@1 0.000 (0.308)	Prec@5 0.000 (1.526)	
Epoch: [2][325/400]	Time 1.678 (1.679)	Loss 6.3243 (6.4865))	Prec@1 0.000 (0.307)	Prec@5 0.000 (1.544)	
Epoch: [2][350/400]	Time 1.679 (1.679)	Loss 6.1751 (6.4737))	Prec@1 1.333 (0.306)	Prec@5 3.333 (1.567)	
Epoch: [2][375/400]	Time 1.680 (1.679)	Loss 6.2915 (6.4619))	Prec@1 0.667 (0.328)	Prec@5 1.333 (1.587)	
Mon Apr 29 20:59:08 2019
 * Prec@1 0.573
Epoch: [3][0/400]	Time 2.244 (2.244)	Loss 6.2748 (6.2748))	Prec@1 0.000 (0.000)	Prec@5 0.000 (0.000)	
Epoch: [3][25/400]	Time 1.682 (1.698)	Loss 6.2441 (6.2391))	Prec@1 0.000 (0.590)	Prec@5 2.000 (2.359)	
Epoch: [3][50/400]	Time 1.677 (1.686)	Loss 6.2889 (6.2425))	Prec@1 0.000 (0.575)	Prec@5 2.000 (2.562)	
Epoch: [3][75/400]	Time 1.671 (1.682)	Loss 6.1223 (6.2296))	Prec@1 1.333 (0.649)	Prec@5 4.667 (2.570)	
Epoch: [3][100/400]	Time 1.668 (1.680)	Loss 6.2114 (6.2176))	Prec@1 0.000 (0.653)	Prec@5 2.667 (2.554)	
Epoch: [3][125/400]	Time 1.676 (1.679)	Loss 6.1804 (6.2121))	Prec@1 0.667 (0.635)	Prec@5 2.000 (2.593)	
Epoch: [3][150/400]	Time 1.673 (1.678)	Loss 6.1478 (6.2006))	Prec@1 1.333 (0.636)	Prec@5 2.667 (2.662)	
Epoch: [3][175/400]	Time 1.681 (1.678)	Loss 6.0864 (6.1905))	Prec@1 2.000 (0.625)	Prec@5 3.333 (2.670)	
Epoch: [3][200/400]	Time 1.672 (1.677)	Loss 6.0102 (6.1773))	Prec@1 0.000 (0.620)	Prec@5 3.333 (2.663)	
Epoch: [3][225/400]	Time 1.672 (1.677)	Loss 6.0085 (6.1661))	Prec@1 0.000 (0.611)	Prec@5 4.667 (2.723)	
Epoch: [3][250/400]	Time 1.680 (1.677)	Loss 6.0796 (6.1546))	Prec@1 0.667 (0.614)	Prec@5 4.000 (2.786)	
Epoch: [3][275/400]	Time 1.679 (1.677)	Loss 5.9421 (6.1448))	Prec@1 0.000 (0.630)	Prec@5 1.333 (2.874)	
Epoch: [3][300/400]	Time 1.678 (1.677)	Loss 6.0163 (6.1315))	Prec@1 0.667 (0.667)	Prec@5 3.333 (2.959)	
Epoch: [3][325/400]	Time 1.672 (1.677)	Loss 5.9247 (6.1165))	Prec@1 0.667 (0.708)	Prec@5 4.667 (3.059)	
Epoch: [3][350/400]	Time 1.666 (1.677)	Loss 5.9783 (6.1029))	Prec@1 0.667 (0.726)	Prec@5 4.000 (3.136)	
Epoch: [3][375/400]	Time 1.677 (1.677)	Loss 5.8549 (6.0879))	Prec@1 0.000 (0.768)	Prec@5 4.667 (3.291)	
Mon Apr 29 21:10:52 2019
 * Prec@1 1.147
Epoch: [4][0/400]	Time 2.228 (2.228)	Loss 5.7491 (5.7491))	Prec@1 1.333 (1.333)	Prec@5 5.333 (5.333)	
Epoch: [4][25/400]	Time 1.679 (1.698)	Loss 5.7704 (5.8164))	Prec@1 0.667 (1.615)	Prec@5 4.000 (5.615)	
Epoch: [4][50/400]	Time 1.680 (1.688)	Loss 5.8709 (5.8091))	Prec@1 0.667 (1.529)	Prec@5 4.000 (5.608)	
Epoch: [4][75/400]	Time 1.673 (1.684)	Loss 5.7697 (5.7938))	Prec@1 0.667 (1.491)	Prec@5 8.000 (5.640)	
Epoch: [4][100/400]	Time 1.687 (1.682)	Loss 5.7125 (5.7741))	Prec@1 1.333 (1.538)	Prec@5 9.333 (5.875)	
Epoch: [4][125/400]	Time 1.680 (1.681)	Loss 5.7831 (5.7682))	Prec@1 2.000 (1.476)	Prec@5 6.000 (5.937)	
Epoch: [4][150/400]	Time 1.676 (1.681)	Loss 5.5568 (5.7531))	Prec@1 3.333 (1.567)	Prec@5 9.333 (6.110)	
Epoch: [4][175/400]	Time 1.687 (1.680)	Loss 5.5445 (5.7324))	Prec@1 0.667 (1.625)	Prec@5 9.333 (6.432)	
Epoch: [4][200/400]	Time 1.672 (1.680)	Loss 5.4547 (5.7129))	Prec@1 1.333 (1.682)	Prec@5 9.333 (6.670)	
Epoch: [4][225/400]	Time 1.671 (1.680)	Loss 5.6684 (5.6981))	Prec@1 2.000 (1.805)	Prec@5 4.667 (6.894)	
Epoch: [4][250/400]	Time 1.678 (1.679)	Loss 5.4842 (5.6832))	Prec@1 2.667 (1.920)	Prec@5 8.000 (7.118)	
Epoch: [4][275/400]	Time 1.682 (1.679)	Loss 5.3893 (5.6634))	Prec@1 4.000 (2.019)	Prec@5 8.000 (7.370)	
Epoch: [4][300/400]	Time 1.684 (1.679)	Loss 5.3055 (5.6459))	Prec@1 4.667 (2.102)	Prec@5 14.667 (7.601)	
Epoch: [4][325/400]	Time 1.673 (1.679)	Loss 5.2965 (5.6260))	Prec@1 4.000 (2.162)	Prec@5 12.667 (7.863)	
Epoch: [4][350/400]	Time 1.677 (1.679)	Loss 5.1083 (5.6025))	Prec@1 2.667 (2.281)	Prec@5 15.333 (8.196)	
Epoch: [4][375/400]	Time 1.677 (1.678)	Loss 5.3276 (5.5805))	Prec@1 2.667 (2.447)	Prec@5 11.333 (8.573)	
Mon Apr 29 21:22:37 2019
 * Prec@1 4.481
Epoch: [5][0/400]	Time 2.228 (2.228)	Loss 4.9580 (4.9580))	Prec@1 7.333 (7.333)	Prec@5 16.667 (16.667)	
Epoch: [5][25/400]	Time 1.676 (1.715)	Loss 5.2659 (5.1124))	Prec@1 4.667 (5.359)	Prec@5 16.000 (16.128)	
Epoch: [5][50/400]	Time 1.683 (1.696)	Loss 4.9909 (5.1202))	Prec@1 5.333 (5.229)	Prec@5 17.333 (16.092)	
Epoch: [5][75/400]	Time 1.676 (1.690)	Loss 5.1157 (5.0947))	Prec@1 6.000 (5.307)	Prec@5 17.333 (16.421)	
Epoch: [5][100/400]	Time 1.681 (1.703)	Loss 4.9389 (5.0766))	Prec@1 5.333 (5.479)	Prec@5 16.000 (16.449)	
Epoch: [5][125/400]	Time 1.742 (1.715)	Loss 5.0441 (5.0601))	Prec@1 3.333 (5.487)	Prec@5 18.667 (16.704)	
Epoch: [5][150/400]	Time 1.744 (1.720)	Loss 4.8280 (5.0394))	Prec@1 5.333 (5.722)	Prec@5 19.333 (17.068)	
Epoch: [5][175/400]	Time 1.740 (1.724)	Loss 4.9369 (5.0204))	Prec@1 10.667 (5.837)	Prec@5 19.333 (17.515)	
Epoch: [5][200/400]	Time 1.739 (1.726)	Loss 4.9679 (5.0048))	Prec@1 7.333 (5.967)	Prec@5 16.667 (17.874)	
Epoch: [5][225/400]	Time 1.735 (1.723)	Loss 4.7623 (4.9866))	Prec@1 6.667 (6.127)	Prec@5 19.333 (18.133)	
Epoch: [5][250/400]	Time 1.748 (1.730)	Loss 4.8382 (4.9758))	Prec@1 8.000 (6.271)	Prec@5 22.667 (18.457)	
Epoch: [5][275/400]	Time 1.679 (1.729)	Loss 4.9004 (4.9540))	Prec@1 6.667 (6.490)	Prec@5 21.333 (18.824)	
Epoch: [5][300/400]	Time 1.676 (1.725)	Loss 4.7427 (4.9372))	Prec@1 8.667 (6.702)	Prec@5 26.667 (19.245)	
Epoch: [5][325/400]	Time 1.728 (1.722)	Loss 4.7455 (4.9216))	Prec@1 10.000 (6.879)	Prec@5 25.333 (19.611)	
Epoch: [5][350/400]	Time 1.670 (1.726)	Loss 4.9642 (4.9052))	Prec@1 5.333 (7.047)	Prec@5 16.000 (19.939)	
Epoch: [5][375/400]	Time 1.684 (1.723)	Loss 4.8115 (4.8874))	Prec@1 8.667 (7.262)	Prec@5 20.000 (20.309)	
Mon Apr 29 21:34:39 2019
 * Prec@1 11.802
Epoch: [6][0/400]	Time 2.221 (2.221)	Loss 4.4007 (4.4007))	Prec@1 10.667 (10.667)	Prec@5 27.333 (27.333)	
Epoch: [6][25/400]	Time 1.681 (1.698)	Loss 4.5030 (4.4035))	Prec@1 14.000 (12.333)	Prec@5 28.667 (30.179)	
Epoch: [6][50/400]	Time 1.679 (1.688)	Loss 4.5473 (4.4313))	Prec@1 14.000 (12.065)	Prec@5 32.000 (29.830)	
Epoch: [6][75/400]	Time 1.685 (1.686)	Loss 4.2873 (4.3950))	Prec@1 14.000 (12.377)	Prec@5 32.667 (30.175)	
Epoch: [6][100/400]	Time 1.914 (1.693)	Loss 4.4052 (4.3924))	Prec@1 12.000 (12.436)	Prec@5 29.333 (30.277)	
Epoch: [6][125/400]	Time 1.728 (1.751)	Loss 4.1024 (4.3870))	Prec@1 18.000 (12.397)	Prec@5 37.333 (30.503)	
Epoch: [6][150/400]	Time 1.683 (1.757)	Loss 4.1512 (4.3784))	Prec@1 17.333 (12.508)	Prec@5 36.667 (30.857)	
Epoch: [6][175/400]	Time 1.676 (1.746)	Loss 4.4752 (4.3649))	Prec@1 14.000 (12.822)	Prec@5 31.333 (31.254)	
Epoch: [6][200/400]	Time 1.677 (1.737)	Loss 4.1512 (4.3529))	Prec@1 19.333 (12.998)	Prec@5 35.333 (31.320)	
Epoch: [6][225/400]	Time 1.678 (1.731)	Loss 3.7921 (4.3401))	Prec@1 20.000 (13.147)	Prec@5 40.667 (31.522)	
Epoch: [6][250/400]	Time 1.677 (1.726)	Loss 4.0631 (4.3179))	Prec@1 13.333 (13.410)	Prec@5 38.000 (32.042)	
Epoch: [6][275/400]	Time 1.683 (1.722)	Loss 4.1141 (4.3067))	Prec@1 17.333 (13.543)	Prec@5 38.667 (32.266)	
Epoch: [6][300/400]	Time 1.685 (1.718)	Loss 4.2552 (4.2954))	Prec@1 19.333 (13.725)	Prec@5 38.000 (32.614)	
Epoch: [6][325/400]	Time 1.681 (1.715)	Loss 3.8741 (4.2811))	Prec@1 18.000 (13.902)	Prec@5 40.667 (32.914)	
Epoch: [6][350/400]	Time 1.674 (1.713)	Loss 4.2391 (4.2704))	Prec@1 13.333 (13.989)	Prec@5 33.333 (33.054)	
Epoch: [6][375/400]	Time 1.683 (1.710)	Loss 4.0284 (4.2586))	Prec@1 23.333 (14.167)	Prec@5 40.667 (33.305)	
Mon Apr 29 21:46:40 2019
 * Prec@1 18.256
Epoch: [7][0/400]	Time 2.221 (2.221)	Loss 3.7854 (3.7854))	Prec@1 20.000 (20.000)	Prec@5 41.333 (41.333)	
Epoch: [7][25/400]	Time 1.678 (1.699)	Loss 3.9916 (3.8459))	Prec@1 12.667 (19.359)	Prec@5 36.667 (41.897)	
Epoch: [7][50/400]	Time 1.686 (1.691)	Loss 3.7490 (3.8144))	Prec@1 20.667 (19.621)	Prec@5 45.333 (42.261)	
Epoch: [7][75/400]	Time 1.680 (1.687)	Loss 3.4011 (3.8346))	Prec@1 28.000 (19.772)	Prec@5 48.667 (41.947)	
Epoch: [7][100/400]	Time 1.677 (1.685)	Loss 3.7581 (3.8311))	Prec@1 21.333 (19.848)	Prec@5 43.333 (41.960)	
Epoch: [7][125/400]	Time 1.683 (1.684)	Loss 3.7153 (3.8352))	Prec@1 20.000 (19.762)	Prec@5 46.000 (41.910)	
Epoch: [7][150/400]	Time 1.683 (1.683)	Loss 4.0354 (3.8387))	Prec@1 17.333 (19.792)	Prec@5 34.667 (41.872)	
Epoch: [7][175/400]	Time 1.677 (1.683)	Loss 3.5795 (3.8292))	Prec@1 26.000 (19.860)	Prec@5 47.333 (42.019)	
Epoch: [7][200/400]	Time 1.686 (1.683)	Loss 3.7279 (3.8162))	Prec@1 18.667 (20.116)	Prec@5 46.000 (42.342)	
Epoch: [7][225/400]	Time 1.678 (1.682)	Loss 3.7486 (3.8025))	Prec@1 24.000 (20.404)	Prec@5 46.667 (42.720)	
Epoch: [7][250/400]	Time 1.681 (1.682)	Loss 3.7042 (3.7932))	Prec@1 22.000 (20.547)	Prec@5 46.667 (42.959)	
Epoch: [7][275/400]	Time 1.684 (1.682)	Loss 3.7579 (3.7874))	Prec@1 20.000 (20.713)	Prec@5 44.667 (43.118)	
Epoch: [7][300/400]	Time 1.675 (1.682)	Loss 3.8114 (3.7752))	Prec@1 20.667 (20.835)	Prec@5 46.667 (43.442)	
Epoch: [7][325/400]	Time 1.675 (1.681)	Loss 3.3208 (3.7651))	Prec@1 32.000 (21.006)	Prec@5 54.667 (43.718)	
Epoch: [7][350/400]	Time 1.681 (1.681)	Loss 3.5882 (3.7514))	Prec@1 22.667 (21.185)	Prec@5 42.667 (43.972)	
Epoch: [7][375/400]	Time 1.679 (1.681)	Loss 3.4912 (3.7396))	Prec@1 25.333 (21.406)	Prec@5 46.000 (44.204)	
Mon Apr 29 21:58:24 2019
 * Prec@1 20.323
Epoch: [8][0/400]	Time 2.225 (2.225)	Loss 3.5069 (3.5069))	Prec@1 26.000 (26.000)	Prec@5 49.333 (49.333)	
Epoch: [8][25/400]	Time 1.682 (1.701)	Loss 3.3445 (3.3108))	Prec@1 28.667 (28.487)	Prec@5 53.333 (53.897)	
Epoch: [8][50/400]	Time 1.685 (1.689)	Loss 3.4798 (3.3064))	Prec@1 28.000 (28.510)	Prec@5 48.000 (53.425)	
Epoch: [8][75/400]	Time 1.677 (1.686)	Loss 3.0993 (3.3318))	Prec@1 29.333 (27.895)	Prec@5 55.333 (52.737)	
Epoch: [8][100/400]	Time 1.686 (1.685)	Loss 3.1215 (3.3318))	Prec@1 35.333 (27.960)	Prec@5 58.000 (52.607)	
Epoch: [8][125/400]	Time 1.686 (1.684)	Loss 3.5599 (3.3368))	Prec@1 29.333 (27.931)	Prec@5 49.333 (52.550)	
Epoch: [8][150/400]	Time 1.671 (1.684)	Loss 3.6567 (3.3403))	Prec@1 21.333 (28.026)	Prec@5 38.000 (52.331)	
Epoch: [8][175/400]	Time 1.679 (1.683)	Loss 3.0258 (3.3246))	Prec@1 35.333 (28.417)	Prec@5 62.000 (52.652)	
Epoch: [8][200/400]	Time 1.678 (1.683)	Loss 3.2543 (3.3130))	Prec@1 27.333 (28.610)	Prec@5 51.333 (52.896)	
Epoch: [8][225/400]	Time 1.680 (1.682)	Loss 3.1510 (3.3091))	Prec@1 32.667 (28.670)	Prec@5 57.333 (52.988)	
Epoch: [8][250/400]	Time 1.682 (1.682)	Loss 2.8247 (3.2969))	Prec@1 35.333 (28.874)	Prec@5 64.000 (53.254)	
Epoch: [8][275/400]	Time 1.677 (1.682)	Loss 3.0923 (3.2863))	Prec@1 35.333 (29.106)	Prec@5 60.000 (53.512)	
Epoch: [8][300/400]	Time 1.684 (1.682)	Loss 3.1682 (3.2747))	Prec@1 22.667 (29.285)	Prec@5 55.333 (53.725)	
Epoch: [8][325/400]	Time 1.686 (1.682)	Loss 3.2234 (3.2705))	Prec@1 25.333 (29.376)	Prec@5 56.667 (53.883)	
Epoch: [8][350/400]	Time 1.679 (1.681)	Loss 3.5055 (3.2589))	Prec@1 24.667 (29.656)	Prec@5 46.667 (54.070)	
Epoch: [8][375/400]	Time 1.679 (1.681)	Loss 2.6800 (3.2473))	Prec@1 41.333 (29.934)	Prec@5 67.333 (54.293)	
Mon Apr 29 22:10:10 2019
 * Prec@1 29.031
Epoch: [9][0/400]	Time 2.202 (2.202)	Loss 2.5106 (2.5106))	Prec@1 44.667 (44.667)	Prec@5 70.000 (70.000)	
Epoch: [9][25/400]	Time 1.680 (1.699)	Loss 2.8847 (2.7339))	Prec@1 38.000 (38.923)	Prec@5 57.333 (63.795)	
Epoch: [9][50/400]	Time 1.676 (1.690)	Loss 3.0031 (2.7555))	Prec@1 35.333 (38.392)	Prec@5 54.000 (63.281)	
Epoch: [9][75/400]	Time 1.682 (1.687)	Loss 2.7244 (2.7654))	Prec@1 36.667 (38.202)	Prec@5 64.667 (63.123)	
Epoch: [9][100/400]	Time 1.675 (1.685)	Loss 2.8526 (2.7642))	Prec@1 35.333 (38.277)	Prec@5 62.000 (63.135)	
Epoch: [9][125/400]	Time 1.681 (1.684)	Loss 2.7272 (2.7853))	Prec@1 41.333 (38.138)	Prec@5 63.333 (62.608)	
Epoch: [9][150/400]	Time 1.675 (1.684)	Loss 2.8160 (2.7941))	Prec@1 38.000 (37.982)	Prec@5 62.667 (62.468)	
Epoch: [9][175/400]	Time 1.684 (1.683)	Loss 2.8890 (2.7986))	Prec@1 36.000 (37.833)	Prec@5 58.000 (62.299)	
Epoch: [9][200/400]	Time 1.684 (1.683)	Loss 2.7877 (2.7972))	Prec@1 32.667 (37.798)	Prec@5 60.667 (62.299)	
Epoch: [9][225/400]	Time 1.683 (1.683)	Loss 2.9230 (2.7973))	Prec@1 38.000 (37.802)	Prec@5 56.667 (62.260)	
Epoch: [9][250/400]	Time 1.678 (1.683)	Loss 2.8230 (2.7937))	Prec@1 38.667 (37.883)	Prec@5 62.667 (62.369)	
Epoch: [9][275/400]	Time 1.683 (1.682)	Loss 2.8511 (2.7864))	Prec@1 39.333 (38.002)	Prec@5 62.667 (62.502)	
Epoch: [9][300/400]	Time 1.682 (1.682)	Loss 2.8382 (2.7837))	Prec@1 40.000 (38.164)	Prec@5 60.667 (62.591)	
Epoch: [9][325/400]	Time 1.682 (1.682)	Loss 2.5754 (2.7772))	Prec@1 39.333 (38.327)	Prec@5 63.333 (62.703)	
Epoch: [9][350/400]	Time 1.678 (1.682)	Loss 2.6164 (2.7705))	Prec@1 44.667 (38.456)	Prec@5 63.333 (62.792)	
Epoch: [9][375/400]	Time 1.679 (1.682)	Loss 2.8901 (2.7624))	Prec@1 38.000 (38.622)	Prec@5 56.667 (62.988)	
Mon Apr 29 22:21:57 2019
 * Prec@1 35.338
Epoch: [10][0/400]	Time 2.221 (2.221)	Loss 2.1659 (2.1659))	Prec@1 52.000 (52.000)	Prec@5 74.667 (74.667)	
Epoch: [10][25/400]	Time 1.685 (1.702)	Loss 2.2111 (2.2876))	Prec@1 52.667 (48.872)	Prec@5 69.333 (71.385)	
Epoch: [10][50/400]	Time 1.677 (1.692)	Loss 1.8581 (2.1816))	Prec@1 58.667 (50.719)	Prec@5 81.333 (73.333)	
Epoch: [10][75/400]	Time 1.680 (1.688)	Loss 2.0327 (2.1418))	Prec@1 56.667 (51.939)	Prec@5 72.667 (73.754)	
Epoch: [10][100/400]	Time 1.688 (1.687)	Loss 2.1729 (2.0848))	Prec@1 53.333 (53.063)	Prec@5 73.333 (74.455)	
Epoch: [10][125/400]	Time 1.681 (1.685)	Loss 1.8280 (2.0548))	Prec@1 57.333 (53.815)	Prec@5 77.333 (74.963)	
Epoch: [10][150/400]	Time 1.682 (1.684)	Loss 1.8620 (2.0203))	Prec@1 53.333 (54.512)	Prec@5 77.333 (75.598)	
Epoch: [10][175/400]	Time 2.005 (1.696)	Loss 1.6018 (1.9966))	Prec@1 63.333 (55.083)	Prec@5 81.333 (75.909)	
Epoch: [10][200/400]	Time 1.677 (1.696)	Loss 1.8150 (1.9793))	Prec@1 60.000 (55.416)	Prec@5 76.000 (76.080)	
Epoch: [10][225/400]	Time 1.677 (1.695)	Loss 1.5717 (1.9598))	Prec@1 61.333 (55.723)	Prec@5 80.000 (76.398)	
Epoch: [10][250/400]	Time 1.677 (1.693)	Loss 1.8377 (1.9452))	Prec@1 57.333 (56.048)	Prec@5 76.000 (76.518)	
Epoch: [10][275/400]	Time 1.897 (1.703)	Loss 1.6490 (1.9293))	Prec@1 64.000 (56.353)	Prec@5 82.667 (76.746)	
Epoch: [10][300/400]	Time 1.667 (1.701)	Loss 1.7776 (1.9206))	Prec@1 58.000 (56.636)	Prec@5 79.333 (76.851)	
Epoch: [10][325/400]	Time 1.674 (1.700)	Loss 1.9704 (1.9110))	Prec@1 55.333 (56.751)	Prec@5 75.333 (76.973)	
Epoch: [10][350/400]	Time 1.681 (1.706)	Loss 1.5844 (1.8966))	Prec@1 61.333 (57.073)	Prec@5 83.333 (77.189)	
Epoch: [10][375/400]	Time 1.677 (1.704)	Loss 1.8100 (1.8939))	Prec@1 53.333 (57.087)	Prec@5 76.667 (77.174)	
Mon Apr 29 22:33:53 2019
 * Prec@1 53.914
Epoch: [11][0/400]	Time 3.585 (3.585)	Loss 1.3876 (1.3876))	Prec@1 66.000 (66.000)	Prec@5 88.000 (88.000)	
Epoch: [11][25/400]	Time 1.754 (1.910)	Loss 1.8400 (1.6967))	Prec@1 60.667 (60.846)	Prec@5 78.000 (80.410)	
Epoch: [11][50/400]	Time 1.749 (1.876)	Loss 1.7730 (1.6564))	Prec@1 59.333 (61.582)	Prec@5 76.000 (80.954)	
Epoch: [11][75/400]	Time 1.727 (1.863)	Loss 1.7129 (1.6773))	Prec@1 60.000 (61.360)	Prec@5 79.333 (80.561)	
Epoch: [11][100/400]	Time 1.733 (1.858)	Loss 1.7820 (1.6790))	Prec@1 54.000 (61.399)	Prec@5 80.000 (80.495)	
Epoch: [11][125/400]	Time 2.467 (1.865)	Loss 1.9034 (1.6765))	Prec@1 57.333 (61.466)	Prec@5 74.667 (80.513)	
Epoch: [11][150/400]	Time 1.743 (1.861)	Loss 1.5791 (1.6775))	Prec@1 67.333 (61.461)	Prec@5 83.333 (80.512)	
Epoch: [11][175/400]	Time 1.727 (1.858)	Loss 1.7631 (1.6804))	Prec@1 60.000 (61.455)	Prec@5 77.333 (80.436)	
Epoch: [11][200/400]	Time 1.743 (1.856)	Loss 2.0890 (1.6792))	Prec@1 52.000 (61.406)	Prec@5 72.000 (80.368)	
Epoch: [11][225/400]	Time 1.740 (1.855)	Loss 1.9266 (1.6798))	Prec@1 57.333 (61.431)	Prec@5 74.667 (80.354)	
Epoch: [11][250/400]	Time 2.662 (1.857)	Loss 1.7140 (1.6743))	Prec@1 66.000 (61.562)	Prec@5 79.333 (80.489)	
Epoch: [11][275/400]	Time 1.733 (1.856)	Loss 1.6984 (1.6719))	Prec@1 63.333 (61.464)	Prec@5 78.667 (80.524)	
Epoch: [11][300/400]	Time 1.739 (1.855)	Loss 1.8319 (1.6700))	Prec@1 56.667 (61.473)	Prec@5 76.667 (80.501)	
Epoch: [11][325/400]	Time 1.729 (1.854)	Loss 1.9354 (1.6748))	Prec@1 56.667 (61.405)	Prec@5 74.000 (80.393)	
Epoch: [11][350/400]	Time 1.757 (1.854)	Loss 2.0885 (1.6739))	Prec@1 53.333 (61.457)	Prec@5 76.000 (80.374)	
Epoch: [11][375/400]	Time 3.008 (1.856)	Loss 1.6564 (1.6712))	Prec@1 61.333 (61.447)	Prec@5 79.333 (80.457)	
Mon Apr 29 22:46:49 2019
 * Prec@1 55.741
Epoch: [12][0/400]	Time 2.355 (2.355)	Loss 1.6122 (1.6122))	Prec@1 64.667 (64.667)	Prec@5 80.667 (80.667)	
Epoch: [12][25/400]	Time 1.742 (1.859)	Loss 1.6521 (1.5752))	Prec@1 67.333 (63.179)	Prec@5 78.667 (82.154)	
Epoch: [12][50/400]	Time 1.742 (1.851)	Loss 1.5208 (1.5604))	Prec@1 66.667 (63.477)	Prec@5 82.667 (82.209)	
Epoch: [12][75/400]	Time 1.736 (1.849)	Loss 1.3856 (1.5482))	Prec@1 64.667 (63.877)	Prec@5 82.667 (82.289)	
Epoch: [12][100/400]	Time 1.750 (1.847)	Loss 1.6418 (1.5540))	Prec@1 62.667 (63.815)	Prec@5 80.000 (82.218)	
Epoch: [12][125/400]	Time 1.744 (1.856)	Loss 1.4953 (1.5615))	Prec@1 64.000 (63.905)	Prec@5 84.667 (82.153)	
Epoch: [12][150/400]	Time 1.745 (1.853)	Loss 1.6601 (1.5625))	Prec@1 62.667 (63.894)	Prec@5 81.333 (82.221)	
Epoch: [12][175/400]	Time 1.738 (1.852)	Loss 1.5249 (1.5522))	Prec@1 60.667 (64.019)	Prec@5 79.333 (82.212)	
Epoch: [12][200/400]	Time 1.737 (1.851)	Loss 1.7107 (1.5584))	Prec@1 67.333 (63.891)	Prec@5 78.000 (82.096)	
Epoch: [12][225/400]	Time 2.309 (1.852)	Loss 1.6864 (1.5580))	Prec@1 60.000 (63.903)	Prec@5 78.000 (82.088)	
Epoch: [12][250/400]	Time 1.732 (1.854)	Loss 1.2745 (1.5547))	Prec@1 72.667 (64.021)	Prec@5 84.000 (82.178)	
Epoch: [12][275/400]	Time 1.735 (1.853)	Loss 1.7595 (1.5570))	Prec@1 58.667 (63.969)	Prec@5 80.000 (82.101)	
Epoch: [12][300/400]	Time 1.737 (1.852)	Loss 1.9274 (1.5605))	Prec@1 54.667 (63.907)	Prec@5 78.000 (82.073)	
Epoch: [12][325/400]	Time 1.746 (1.851)	Loss 1.4139 (1.5594))	Prec@1 66.000 (63.904)	Prec@5 86.000 (82.061)	
Epoch: [12][350/400]	Time 2.784 (1.854)	Loss 1.2151 (1.5601))	Prec@1 70.667 (63.935)	Prec@5 89.333 (82.082)	
Epoch: [12][375/400]	Time 1.734 (1.854)	Loss 1.8193 (1.5613))	Prec@1 56.667 (63.883)	Prec@5 78.000 (82.051)	
Mon Apr 29 22:59:48 2019
 * Prec@1 56.328
Epoch: [13][0/400]	Time 2.624 (2.624)	Loss 1.7623 (1.7623))	Prec@1 58.667 (58.667)	Prec@5 77.333 (77.333)	
Epoch: [13][25/400]	Time 1.751 (1.873)	Loss 1.4559 (1.4599))	Prec@1 64.667 (66.231)	Prec@5 83.333 (83.359)	
Epoch: [13][50/400]	Time 1.756 (1.858)	Loss 1.2644 (1.4500))	Prec@1 70.667 (66.837)	Prec@5 86.667 (83.765)	
Epoch: [13][75/400]	Time 1.736 (1.852)	Loss 1.6408 (1.4414))	Prec@1 62.667 (67.035)	Prec@5 84.000 (83.991)	
Epoch: [13][100/400]	Time 1.730 (1.849)	Loss 1.4601 (1.4441))	Prec@1 67.333 (66.759)	Prec@5 81.333 (83.901)	
Epoch: [13][125/400]	Time 1.738 (1.858)	Loss 1.2251 (1.4493))	Prec@1 70.667 (66.381)	Prec@5 87.333 (83.884)	
Epoch: [13][150/400]	Time 1.747 (1.856)	Loss 1.4911 (1.4424))	Prec@1 62.000 (66.300)	Prec@5 82.000 (83.960)	
Epoch: [13][175/400]	Time 1.742 (1.854)	Loss 1.5819 (1.4449))	Prec@1 62.000 (66.178)	Prec@5 85.333 (84.008)	
Epoch: [13][200/400]	Time 1.742 (1.853)	Loss 1.4784 (1.4470))	Prec@1 61.333 (66.179)	Prec@5 82.000 (83.993)	
Epoch: [13][225/400]	Time 1.744 (1.857)	Loss 1.4121 (1.4500))	Prec@1 68.667 (66.062)	Prec@5 84.667 (83.941)	
Epoch: [13][250/400]	Time 1.751 (1.856)	Loss 1.4371 (1.4490))	Prec@1 67.333 (65.997)	Prec@5 86.000 (83.907)	
Epoch: [13][275/400]	Time 1.746 (1.855)	Loss 1.4715 (1.4457))	Prec@1 62.000 (66.065)	Prec@5 82.667 (83.920)	
Epoch: [13][300/400]	Time 1.746 (1.854)	Loss 1.8420 (1.4483))	Prec@1 55.333 (66.084)	Prec@5 81.333 (83.872)	
Epoch: [13][325/400]	Time 2.425 (1.857)	Loss 1.3319 (1.4476))	Prec@1 66.000 (66.063)	Prec@5 87.333 (83.898)	
Epoch: [13][350/400]	Time 1.737 (1.856)	Loss 1.4101 (1.4451))	Prec@1 69.333 (66.116)	Prec@5 83.333 (83.890)	
Epoch: [13][375/400]	Time 1.739 (1.855)	Loss 1.4694 (1.4417))	Prec@1 63.333 (66.190)	Prec@5 84.000 (83.924)	
Mon Apr 29 23:12:48 2019
 * Prec@1 57.181
Epoch: [14][0/400]	Time 2.598 (2.598)	Loss 1.2106 (1.2106))	Prec@1 69.333 (69.333)	Prec@5 84.667 (84.667)	
Epoch: [14][25/400]	Time 1.745 (1.873)	Loss 1.1341 (1.2347))	Prec@1 73.333 (70.231)	Prec@5 89.333 (86.538)	
Epoch: [14][50/400]	Time 1.747 (1.857)	Loss 1.4453 (1.2783))	Prec@1 70.000 (69.477)	Prec@5 82.667 (86.379)	
Epoch: [14][75/400]	Time 2.032 (1.868)	Loss 1.4143 (1.3138))	Prec@1 62.667 (68.588)	Prec@5 84.667 (85.789)	
Epoch: [14][100/400]	Time 1.746 (1.861)	Loss 1.4916 (1.3211))	Prec@1 65.333 (68.488)	Prec@5 84.667 (85.597)	
Epoch: [14][125/400]	Time 1.742 (1.857)	Loss 1.9716 (1.3390))	Prec@1 56.667 (68.296)	Prec@5 74.000 (85.418)	
Epoch: [14][150/400]	Time 1.743 (1.855)	Loss 1.5267 (1.3799))	Prec@1 62.667 (67.294)	Prec@5 82.667 (84.826)	
Epoch: [14][175/400]	Time 1.739 (1.853)	Loss 1.5137 (1.3872))	Prec@1 64.667 (67.110)	Prec@5 84.000 (84.697)	
Epoch: [14][200/400]	Time 1.751 (1.858)	Loss 1.3034 (1.3881))	Prec@1 68.667 (67.144)	Prec@5 87.333 (84.713)	
Epoch: [14][225/400]	Time 1.737 (1.857)	Loss 1.5776 (1.3983))	Prec@1 64.000 (66.906)	Prec@5 79.333 (84.546)	
Epoch: [14][250/400]	Time 1.750 (1.855)	Loss 1.6199 (1.4070))	Prec@1 62.000 (66.776)	Prec@5 82.667 (84.414)	
Epoch: [14][275/400]	Time 2.004 (1.855)	Loss 1.0852 (1.4072))	Prec@1 74.000 (66.763)	Prec@5 90.667 (84.408)	
Epoch: [14][300/400]	Time 1.742 (1.857)	Loss 1.4590 (1.4045))	Prec@1 64.667 (66.870)	Prec@5 82.000 (84.456)	
Epoch: [14][325/400]	Time 1.748 (1.856)	Loss 1.4498 (1.4027))	Prec@1 68.667 (66.924)	Prec@5 84.000 (84.427)	
Epoch: [14][350/400]	Time 1.742 (1.855)	Loss 1.5704 (1.4002))	Prec@1 66.667 (66.988)	Prec@5 78.667 (84.444)	
Epoch: [14][375/400]	Time 1.747 (1.854)	Loss 1.4682 (1.3972))	Prec@1 64.667 (67.128)	Prec@5 82.000 (84.488)	
Mon Apr 29 23:25:48 2019
 * Prec@1 58.314
Epoch: [15][0/400]	Time 2.371 (2.371)	Loss 1.3792 (1.3792))	Prec@1 66.667 (66.667)	Prec@5 84.667 (84.667)	
Epoch: [15][25/400]	Time 1.736 (1.859)	Loss 1.1258 (1.2210))	Prec@1 75.333 (71.179)	Prec@5 88.667 (87.000)	
Epoch: [15][50/400]	Time 1.746 (1.850)	Loss 1.2686 (1.2329))	Prec@1 71.333 (70.784)	Prec@5 86.667 (86.915)	
Epoch: [15][75/400]	Time 1.750 (1.847)	Loss 1.1698 (1.2371))	Prec@1 69.333 (70.781)	Prec@5 90.667 (86.877)	
Epoch: [15][100/400]	Time 2.111 (1.850)	Loss 1.2043 (1.2422))	Prec@1 74.000 (70.653)	Prec@5 87.333 (86.726)	
Epoch: [15][125/400]	Time 1.745 (1.856)	Loss 1.3062 (1.2483))	Prec@1 72.667 (70.455)	Prec@5 88.667 (86.508)	
Epoch: [15][150/400]	Time 1.750 (1.853)	Loss 1.0192 (1.2593))	Prec@1 78.667 (70.194)	Prec@5 91.333 (86.468)	
Epoch: [15][175/400]	Time 1.736 (1.852)	Loss 1.2626 (1.2572))	Prec@1 70.667 (70.269)	Prec@5 84.000 (86.477)	
Epoch: [15][200/400]	Time 1.754 (1.851)	Loss 1.2354 (1.2586))	Prec@1 65.333 (70.249)	Prec@5 86.667 (86.431)	
Epoch: [15][225/400]	Time 3.004 (1.856)	Loss 1.1164 (1.2582))	Prec@1 71.333 (70.195)	Prec@5 88.000 (86.481)	
Epoch: [15][250/400]	Time 1.751 (1.854)	Loss 1.2927 (1.2621))	Prec@1 72.667 (70.165)	Prec@5 88.667 (86.385)	
Epoch: [15][275/400]	Time 1.744 (1.853)	Loss 1.3711 (1.2648))	Prec@1 66.000 (70.007)	Prec@5 84.000 (86.302)	
Epoch: [15][300/400]	Time 1.738 (1.852)	Loss 0.9461 (1.2629))	Prec@1 76.000 (70.097)	Prec@5 90.667 (86.328)	
Epoch: [15][325/400]	Time 2.252 (1.853)	Loss 1.0299 (1.2621))	Prec@1 72.667 (70.022)	Prec@5 90.000 (86.368)	
Epoch: [15][350/400]	Time 1.742 (1.855)	Loss 1.2753 (1.2619))	Prec@1 76.000 (70.047)	Prec@5 84.000 (86.424)	
Epoch: [15][375/400]	Time 1.753 (1.854)	Loss 1.3048 (1.2630))	Prec@1 72.667 (70.020)	Prec@5 86.000 (86.436)	
Mon Apr 29 23:38:46 2019
 * Prec@1 59.568
Epoch: [16][0/400]	Time 2.215 (2.215)	Loss 0.8654 (0.8654))	Prec@1 79.333 (79.333)	Prec@5 90.000 (90.000)	
Epoch: [16][25/400]	Time 1.684 (1.702)	Loss 1.2201 (1.1126))	Prec@1 72.667 (73.564)	Prec@5 84.000 (88.282)	
Epoch: [16][50/400]	Time 1.684 (1.692)	Loss 1.1461 (1.1150))	Prec@1 70.667 (73.556)	Prec@5 90.000 (88.392)	
Epoch: [16][75/400]	Time 1.677 (1.688)	Loss 1.0755 (1.1222))	Prec@1 75.333 (73.456)	Prec@5 88.000 (88.070)	
Epoch: [16][100/400]	Time 1.679 (1.687)	Loss 1.0281 (1.1342))	Prec@1 76.667 (73.036)	Prec@5 90.667 (88.020)	
Epoch: [16][125/400]	Time 1.682 (1.686)	Loss 1.1269 (1.1284))	Prec@1 70.667 (72.974)	Prec@5 88.000 (88.196)	
Epoch: [16][150/400]	Time 1.679 (1.685)	Loss 1.0545 (1.1336))	Prec@1 74.667 (72.746)	Prec@5 92.000 (88.212)	
Epoch: [16][175/400]	Time 1.683 (1.684)	Loss 1.1184 (1.1422))	Prec@1 72.000 (72.542)	Prec@5 91.333 (88.057)	
Epoch: [16][200/400]	Time 1.682 (1.684)	Loss 1.2231 (1.1503))	Prec@1 72.000 (72.345)	Prec@5 87.333 (87.930)	
Epoch: [16][225/400]	Time 1.670 (1.683)	Loss 0.9421 (1.1500))	Prec@1 74.000 (72.336)	Prec@5 91.333 (87.944)	
Epoch: [16][250/400]	Time 1.677 (1.683)	Loss 1.4502 (1.1527))	Prec@1 62.667 (72.258)	Prec@5 83.333 (87.923)	
Epoch: [16][275/400]	Time 1.682 (1.683)	Loss 1.6207 (1.1619))	Prec@1 66.000 (72.130)	Prec@5 84.000 (87.812)	
Epoch: [16][300/400]	Time 1.690 (1.683)	Loss 1.2773 (1.1669))	Prec@1 73.333 (72.053)	Prec@5 84.667 (87.692)	
Epoch: [16][325/400]	Time 1.678 (1.683)	Loss 1.0739 (1.1686))	Prec@1 73.333 (72.039)	Prec@5 88.667 (87.683)	
Epoch: [16][350/400]	Time 1.679 (1.682)	Loss 1.0826 (1.1699))	Prec@1 74.667 (72.011)	Prec@5 87.333 (87.679)	
Epoch: [16][375/400]	Time 1.685 (1.682)	Loss 1.3368 (1.1717))	Prec@1 67.333 (71.947)	Prec@5 86.000 (87.672)	
Mon Apr 29 23:50:38 2019
 * Prec@1 59.901
Epoch: [17][0/400]	Time 2.201 (2.201)	Loss 0.9538 (0.9538))	Prec@1 76.000 (76.000)	Prec@5 91.333 (91.333)	
Epoch: [17][25/400]	Time 1.678 (1.699)	Loss 1.0133 (1.0208))	Prec@1 76.000 (76.077)	Prec@5 90.667 (90.179)	
Epoch: [17][50/400]	Time 1.670 (1.689)	Loss 0.9409 (1.0190))	Prec@1 76.000 (75.882)	Prec@5 89.333 (90.196)	
Epoch: [17][75/400]	Time 1.682 (1.686)	Loss 0.9104 (1.0346))	Prec@1 78.667 (75.316)	Prec@5 92.000 (89.974)	
Epoch: [17][100/400]	Time 1.678 (1.684)	Loss 1.1937 (1.0453))	Prec@1 75.333 (75.043)	Prec@5 85.333 (89.756)	
Epoch: [17][125/400]	Time 1.681 (1.683)	Loss 1.0148 (1.0406))	Prec@1 75.333 (75.021)	Prec@5 88.000 (89.677)	
Epoch: [17][150/400]	Time 1.686 (1.683)	Loss 1.1186 (1.0496))	Prec@1 72.000 (74.804)	Prec@5 88.667 (89.519)	
Epoch: [17][175/400]	Time 1.681 (1.682)	Loss 1.1107 (1.0520))	Prec@1 78.000 (74.617)	Prec@5 88.667 (89.443)	
Epoch: [17][200/400]	Time 1.679 (1.682)	Loss 0.9023 (1.0589))	Prec@1 73.333 (74.415)	Prec@5 94.667 (89.376)	
Epoch: [17][225/400]	Time 1.679 (1.682)	Loss 0.9399 (1.0614))	Prec@1 76.667 (74.357)	Prec@5 93.333 (89.354)	
Epoch: [17][250/400]	Time 1.686 (1.682)	Loss 0.8273 (1.0620))	Prec@1 80.667 (74.300)	Prec@5 90.667 (89.368)	
Epoch: [17][275/400]	Time 1.686 (1.682)	Loss 1.5222 (1.0714))	Prec@1 66.000 (74.085)	Prec@5 80.000 (89.237)	
Epoch: [17][300/400]	Time 1.681 (1.681)	Loss 1.2758 (1.0774))	Prec@1 70.667 (73.925)	Prec@5 84.667 (89.136)	
Epoch: [17][325/400]	Time 1.682 (1.681)	Loss 1.0529 (1.0799))	Prec@1 72.000 (73.847)	Prec@5 89.333 (89.102)	
Epoch: [17][350/400]	Time 1.687 (1.681)	Loss 1.0042 (1.0786))	Prec@1 72.667 (73.882)	Prec@5 91.333 (89.104)	
Epoch: [17][375/400]	Time 1.685 (1.681)	Loss 1.1760 (1.0811))	Prec@1 69.333 (73.803)	Prec@5 88.667 (89.080)	
Tue Apr 30 00:02:22 2019
 * Prec@1 60.301
Epoch: [18][0/400]	Time 2.223 (2.223)	Loss 1.0032 (1.0032))	Prec@1 75.333 (75.333)	Prec@5 90.667 (90.667)	
Epoch: [18][25/400]	Time 1.676 (1.700)	Loss 0.9743 (0.9853))	Prec@1 75.333 (75.769)	Prec@5 92.000 (90.385)	
Epoch: [18][50/400]	Time 1.686 (1.690)	Loss 1.2662 (0.9673))	Prec@1 70.667 (76.405)	Prec@5 85.333 (90.601)	
Epoch: [18][75/400]	Time 1.682 (1.686)	Loss 0.9760 (0.9614))	Prec@1 77.333 (76.430)	Prec@5 88.000 (90.632)	
Epoch: [18][100/400]	Time 1.669 (1.684)	Loss 1.0593 (0.9787))	Prec@1 77.333 (75.782)	Prec@5 90.667 (90.495)	
Epoch: [18][125/400]	Time 1.676 (1.683)	Loss 0.9961 (0.9791))	Prec@1 74.000 (75.878)	Prec@5 89.333 (90.566)	
Epoch: [18][150/400]	Time 1.683 (1.682)	Loss 0.9957 (0.9743))	Prec@1 76.000 (75.938)	Prec@5 88.667 (90.596)	
Epoch: [18][175/400]	Time 1.663 (1.682)	Loss 0.9414 (0.9739))	Prec@1 74.667 (75.962)	Prec@5 94.000 (90.602)	
Epoch: [18][200/400]	Time 1.681 (1.682)	Loss 0.9293 (0.9753))	Prec@1 79.333 (75.957)	Prec@5 90.667 (90.590)	
Epoch: [18][225/400]	Time 1.674 (1.682)	Loss 1.1063 (0.9827))	Prec@1 72.667 (75.761)	Prec@5 92.000 (90.534)	
Epoch: [18][250/400]	Time 1.692 (1.682)	Loss 0.8817 (0.9832))	Prec@1 75.333 (75.756)	Prec@5 94.000 (90.558)	
Epoch: [18][275/400]	Time 1.684 (1.682)	Loss 0.8304 (0.9840))	Prec@1 80.667 (75.739)	Prec@5 94.000 (90.495)	
Epoch: [18][300/400]	Time 1.685 (1.682)	Loss 1.2038 (0.9861))	Prec@1 73.333 (75.743)	Prec@5 86.667 (90.454)	
Epoch: [18][325/400]	Time 1.679 (1.681)	Loss 0.8872 (0.9866))	Prec@1 74.667 (75.683)	Prec@5 93.333 (90.456)	
Epoch: [18][350/400]	Time 1.684 (1.682)	Loss 1.3287 (0.9904))	Prec@1 68.667 (75.626)	Prec@5 86.667 (90.387)	
Epoch: [18][375/400]	Time 1.679 (1.681)	Loss 1.2109 (0.9909))	Prec@1 72.000 (75.624)	Prec@5 89.333 (90.374)	
Tue Apr 30 00:14:08 2019
 * Prec@1 61.568
Epoch: [19][0/400]	Time 2.222 (2.222)	Loss 0.8493 (0.8493))	Prec@1 77.333 (77.333)	Prec@5 93.333 (93.333)	
Epoch: [19][25/400]	Time 1.682 (1.698)	Loss 0.8378 (0.8670))	Prec@1 79.333 (78.692)	Prec@5 92.000 (91.744)	
Epoch: [19][50/400]	Time 1.682 (1.691)	Loss 0.8054 (0.8635))	Prec@1 77.333 (78.915)	Prec@5 93.333 (92.078)	
Epoch: [19][75/400]	Time 1.682 (1.688)	Loss 0.8873 (0.8697))	Prec@1 80.000 (78.789)	Prec@5 88.667 (91.930)	
Epoch: [19][100/400]	Time 1.689 (1.687)	Loss 0.7413 (0.8736))	Prec@1 82.000 (78.673)	Prec@5 91.333 (91.894)	
Epoch: [19][125/400]	Time 1.682 (1.686)	Loss 1.0723 (0.8870))	Prec@1 72.667 (78.222)	Prec@5 90.000 (91.815)	
Epoch: [19][150/400]	Time 1.683 (1.685)	Loss 0.6648 (0.8921))	Prec@1 80.667 (77.925)	Prec@5 96.000 (91.801)	
Epoch: [19][175/400]	Time 1.680 (1.685)	Loss 1.0071 (0.8934))	Prec@1 74.667 (77.875)	Prec@5 90.667 (91.739)	
Epoch: [19][200/400]	Time 1.685 (1.684)	Loss 0.9961 (0.8976))	Prec@1 77.333 (77.814)	Prec@5 88.667 (91.698)	
Epoch: [19][225/400]	Time 1.680 (1.684)	Loss 0.9497 (0.8962))	Prec@1 76.667 (77.838)	Prec@5 90.667 (91.705)	
Epoch: [19][250/400]	Time 1.688 (1.684)	Loss 0.9259 (0.8947))	Prec@1 77.333 (77.846)	Prec@5 92.667 (91.732)	
Epoch: [19][275/400]	Time 1.675 (1.684)	Loss 1.0693 (0.9020))	Prec@1 73.333 (77.725)	Prec@5 88.000 (91.597)	
Epoch: [19][300/400]	Time 1.670 (1.683)	Loss 0.7645 (0.9049))	Prec@1 78.000 (77.668)	Prec@5 94.000 (91.515)	
Epoch: [19][325/400]	Time 1.682 (1.683)	Loss 0.8064 (0.9067))	Prec@1 74.667 (77.583)	Prec@5 93.333 (91.472)	
Epoch: [19][350/400]	Time 1.684 (1.683)	Loss 1.0477 (0.9098))	Prec@1 72.000 (77.500)	Prec@5 88.667 (91.436)	
Epoch: [19][375/400]	Time 1.663 (1.683)	Loss 0.8233 (0.9105))	Prec@1 80.000 (77.507)	Prec@5 94.000 (91.438)	
Tue Apr 30 00:25:55 2019
 * Prec@1 61.595
Epoch: [20][0/400]	Time 2.212 (2.212)	Loss 0.6259 (0.6259))	Prec@1 84.000 (84.000)	Prec@5 95.333 (95.333)	
Epoch: [20][25/400]	Time 1.687 (1.700)	Loss 0.7170 (0.7500))	Prec@1 84.000 (81.308)	Prec@5 94.667 (93.795)	
Epoch: [20][50/400]	Time 1.688 (1.691)	Loss 0.9882 (0.7568))	Prec@1 76.667 (81.647)	Prec@5 90.000 (93.608)	
Epoch: [20][75/400]	Time 1.678 (1.688)	Loss 0.7799 (0.7597))	Prec@1 80.000 (81.658)	Prec@5 92.000 (93.456)	
Epoch: [20][100/400]	Time 1.681 (1.686)	Loss 0.5664 (0.7399))	Prec@1 88.000 (82.073)	Prec@5 96.000 (93.782)	
Epoch: [20][125/400]	Time 1.675 (1.685)	Loss 0.6596 (0.7335))	Prec@1 84.000 (82.275)	Prec@5 93.333 (93.772)	
Epoch: [20][150/400]	Time 1.678 (1.684)	Loss 0.9009 (0.7308))	Prec@1 82.667 (82.362)	Prec@5 90.000 (93.766)	
Epoch: [20][175/400]	Time 1.685 (1.684)	Loss 0.8027 (0.7242))	Prec@1 82.000 (82.500)	Prec@5 94.667 (93.894)	
Epoch: [20][200/400]	Time 1.688 (1.683)	Loss 0.5622 (0.7143))	Prec@1 88.667 (82.793)	Prec@5 94.667 (93.997)	
Epoch: [20][225/400]	Time 1.679 (1.683)	Loss 0.6494 (0.7083))	Prec@1 85.333 (82.944)	Prec@5 96.000 (94.071)	
Epoch: [20][250/400]	Time 1.680 (1.683)	Loss 0.7662 (0.7050))	Prec@1 84.000 (83.009)	Prec@5 92.667 (94.104)	
Epoch: [20][275/400]	Time 1.681 (1.683)	Loss 0.7106 (0.7027))	Prec@1 81.333 (83.072)	Prec@5 94.667 (94.116)	
Epoch: [20][300/400]	Time 1.690 (1.683)	Loss 0.5214 (0.7022))	Prec@1 88.667 (83.114)	Prec@5 96.000 (94.102)	
Epoch: [20][325/400]	Time 1.668 (1.682)	Loss 0.5531 (0.7001))	Prec@1 84.667 (83.178)	Prec@5 98.000 (94.135)	
Epoch: [20][350/400]	Time 1.684 (1.682)	Loss 0.5736 (0.6972))	Prec@1 86.667 (83.246)	Prec@5 95.333 (94.165)	
Epoch: [20][375/400]	Time 1.676 (1.682)	Loss 0.6693 (0.6957))	Prec@1 82.000 (83.314)	Prec@5 94.667 (94.145)	
Tue Apr 30 00:37:41 2019
 * Prec@1 63.955
Epoch: [21][0/400]	Time 2.239 (2.239)	Loss 0.9012 (0.9012))	Prec@1 74.000 (74.000)	Prec@5 93.333 (93.333)	
Epoch: [21][25/400]	Time 1.678 (1.699)	Loss 0.6237 (0.6119))	Prec@1 83.333 (85.256)	Prec@5 94.667 (95.154)	
Epoch: [21][50/400]	Time 1.683 (1.690)	Loss 0.5173 (0.6316))	Prec@1 88.000 (84.693)	Prec@5 98.000 (95.072)	
Epoch: [21][75/400]	Time 1.683 (1.687)	Loss 0.6231 (0.6309))	Prec@1 83.333 (84.895)	Prec@5 94.667 (94.895)	
Epoch: [21][100/400]	Time 1.678 (1.684)	Loss 0.7463 (0.6359))	Prec@1 82.667 (84.884)	Prec@5 92.667 (94.752)	
Epoch: [21][125/400]	Time 1.680 (1.684)	Loss 0.4885 (0.6350))	Prec@1 90.000 (84.968)	Prec@5 97.333 (94.730)	
Epoch: [21][150/400]	Time 1.685 (1.683)	Loss 0.6486 (0.6366))	Prec@1 83.333 (85.029)	Prec@5 94.667 (94.680)	
Epoch: [21][175/400]	Time 1.677 (1.683)	Loss 0.6683 (0.6364))	Prec@1 84.000 (85.015)	Prec@5 93.333 (94.670)	
Epoch: [21][200/400]	Time 1.673 (1.682)	Loss 0.5416 (0.6339))	Prec@1 88.667 (85.012)	Prec@5 95.333 (94.697)	
Epoch: [21][225/400]	Time 1.678 (1.682)	Loss 0.5575 (0.6323))	Prec@1 86.000 (85.065)	Prec@5 96.000 (94.740)	
Epoch: [21][250/400]	Time 1.673 (1.682)	Loss 0.6195 (0.6339))	Prec@1 84.667 (84.991)	Prec@5 94.000 (94.704)	
Epoch: [21][275/400]	Time 1.665 (1.682)	Loss 0.5524 (0.6305))	Prec@1 87.333 (85.010)	Prec@5 97.333 (94.729)	
Epoch: [21][300/400]	Time 1.681 (1.681)	Loss 0.5871 (0.6326))	Prec@1 88.000 (85.001)	Prec@5 95.333 (94.689)	
Epoch: [21][325/400]	Time 1.677 (1.681)	Loss 0.5887 (0.6360))	Prec@1 86.000 (84.904)	Prec@5 95.333 (94.644)	
Epoch: [21][350/400]	Time 1.686 (1.681)	Loss 0.5139 (0.6355))	Prec@1 88.000 (84.904)	Prec@5 97.333 (94.667)	
Epoch: [21][375/400]	Time 1.683 (1.681)	Loss 0.6114 (0.6361))	Prec@1 86.000 (84.924)	Prec@5 95.333 (94.672)	
Tue Apr 30 00:49:27 2019
 * Prec@1 64.689
Epoch: [22][0/400]	Time 2.237 (2.237)	Loss 0.7219 (0.7219))	Prec@1 78.000 (78.000)	Prec@5 94.000 (94.000)	
Epoch: [22][25/400]	Time 1.673 (1.700)	Loss 0.7514 (0.6290))	Prec@1 84.000 (85.590)	Prec@5 91.333 (94.538)	
Epoch: [22][50/400]	Time 1.680 (1.688)	Loss 0.5824 (0.6253))	Prec@1 88.000 (85.412)	Prec@5 95.333 (94.850)	
Epoch: [22][75/400]	Time 1.686 (1.686)	Loss 0.7594 (0.6166))	Prec@1 82.000 (85.579)	Prec@5 90.667 (94.982)	
Epoch: [22][100/400]	Time 1.683 (1.685)	Loss 0.6604 (0.6098))	Prec@1 86.000 (85.564)	Prec@5 92.667 (95.122)	
Epoch: [22][125/400]	Time 1.682 (1.684)	Loss 0.6791 (0.6054))	Prec@1 82.667 (85.635)	Prec@5 96.000 (95.175)	
Epoch: [22][150/400]	Time 1.679 (1.684)	Loss 0.5973 (0.6091))	Prec@1 85.333 (85.497)	Prec@5 96.000 (95.135)	
Epoch: [22][175/400]	Time 1.681 (1.683)	Loss 0.4953 (0.6046))	Prec@1 88.667 (85.644)	Prec@5 95.333 (95.205)	
Epoch: [22][200/400]	Time 1.684 (1.683)	Loss 0.5876 (0.6108))	Prec@1 82.667 (85.496)	Prec@5 96.000 (95.068)	
Epoch: [22][225/400]	Time 1.666 (1.682)	Loss 0.4948 (0.6082))	Prec@1 88.000 (85.546)	Prec@5 94.667 (95.068)	
Epoch: [22][250/400]	Time 1.681 (1.682)	Loss 0.6105 (0.6081))	Prec@1 84.000 (85.554)	Prec@5 96.000 (95.070)	
Epoch: [22][275/400]	Time 1.681 (1.682)	Loss 0.5998 (0.6091))	Prec@1 86.000 (85.534)	Prec@5 94.000 (95.072)	
Epoch: [22][300/400]	Time 1.677 (1.682)	Loss 0.7907 (0.6106))	Prec@1 83.333 (85.464)	Prec@5 92.667 (95.063)	
Epoch: [22][325/400]	Time 1.679 (1.682)	Loss 0.7342 (0.6114))	Prec@1 82.667 (85.440)	Prec@5 91.333 (95.029)	
Epoch: [22][350/400]	Time 1.679 (1.682)	Loss 0.6495 (0.6093))	Prec@1 88.667 (85.518)	Prec@5 94.000 (95.045)	
Epoch: [22][375/400]	Time 1.687 (1.682)	Loss 0.6132 (0.6091))	Prec@1 87.333 (85.523)	Prec@5 94.000 (95.039)	
Tue Apr 30 01:01:13 2019
 * Prec@1 64.542
Epoch: [23][0/400]	Time 2.219 (2.219)	Loss 0.5765 (0.5765))	Prec@1 86.667 (86.667)	Prec@5 94.000 (94.000)	
Epoch: [23][25/400]	Time 1.678 (1.699)	Loss 0.5151 (0.6021))	Prec@1 87.333 (85.769)	Prec@5 96.667 (94.641)	
Epoch: [23][50/400]	Time 1.686 (1.690)	Loss 0.4821 (0.5793))	Prec@1 90.000 (86.510)	Prec@5 98.667 (95.111)	
Epoch: [23][75/400]	Time 1.682 (1.687)	Loss 0.5226 (0.5825))	Prec@1 88.000 (86.474)	Prec@5 95.333 (95.158)	
Epoch: [23][100/400]	Time 1.676 (1.684)	Loss 0.5507 (0.5821))	Prec@1 84.667 (86.383)	Prec@5 96.000 (95.248)	
Epoch: [23][125/400]	Time 1.681 (1.684)	Loss 0.6050 (0.5808))	Prec@1 86.000 (86.349)	Prec@5 96.000 (95.280)	
Epoch: [23][150/400]	Time 1.684 (1.683)	Loss 0.6055 (0.5863))	Prec@1 86.000 (86.221)	Prec@5 95.333 (95.249)	
Epoch: [23][175/400]	Time 1.669 (1.682)	Loss 0.6416 (0.5824))	Prec@1 81.333 (86.288)	Prec@5 96.000 (95.318)	
Epoch: [23][200/400]	Time 1.686 (1.682)	Loss 0.5881 (0.5809))	Prec@1 86.667 (86.362)	Prec@5 96.000 (95.353)	
Epoch: [23][225/400]	Time 1.675 (1.681)	Loss 0.3197 (0.5819))	Prec@1 94.000 (86.327)	Prec@5 99.333 (95.324)	
Epoch: [23][250/400]	Time 1.684 (1.681)	Loss 0.4460 (0.5825))	Prec@1 89.333 (86.316)	Prec@5 97.333 (95.317)	
Epoch: [23][275/400]	Time 1.679 (1.681)	Loss 0.8056 (0.5825))	Prec@1 82.667 (86.254)	Prec@5 90.667 (95.319)	
Epoch: [23][300/400]	Time 1.675 (1.681)	Loss 0.4708 (0.5817))	Prec@1 88.667 (86.241)	Prec@5 96.667 (95.364)	
Epoch: [23][325/400]	Time 1.675 (1.680)	Loss 0.6534 (0.5834))	Prec@1 85.333 (86.219)	Prec@5 94.000 (95.331)	
Epoch: [23][350/400]	Time 1.685 (1.680)	Loss 0.6323 (0.5864))	Prec@1 84.000 (86.139)	Prec@5 94.000 (95.288)	
Epoch: [23][375/400]	Time 1.678 (1.680)	Loss 0.6941 (0.5861))	Prec@1 82.667 (86.161)	Prec@5 94.667 (95.287)	
Tue Apr 30 01:12:55 2019
 * Prec@1 64.582
Epoch: [24][0/400]	Time 2.227 (2.227)	Loss 0.4412 (0.4412))	Prec@1 92.000 (92.000)	Prec@5 97.333 (97.333)	
Epoch: [24][25/400]	Time 1.677 (1.698)	Loss 0.7375 (0.5793))	Prec@1 82.667 (86.385)	Prec@5 93.333 (95.000)	
Epoch: [24][50/400]	Time 1.683 (1.690)	Loss 0.5207 (0.5752))	Prec@1 88.000 (86.288)	Prec@5 95.333 (95.072)	
Epoch: [24][75/400]	Time 1.677 (1.687)	Loss 0.5191 (0.5766))	Prec@1 88.000 (86.281)	Prec@5 97.333 (95.193)	
Epoch: [24][100/400]	Time 1.681 (1.685)	Loss 0.4981 (0.5674))	Prec@1 86.667 (86.620)	Prec@5 95.333 (95.406)	
Epoch: [24][125/400]	Time 1.671 (1.684)	Loss 0.5701 (0.5683))	Prec@1 86.000 (86.540)	Prec@5 96.667 (95.365)	
Epoch: [24][150/400]	Time 1.679 (1.683)	Loss 0.6605 (0.5699))	Prec@1 86.000 (86.450)	Prec@5 93.333 (95.351)	
Epoch: [24][175/400]	Time 1.678 (1.682)	Loss 0.5406 (0.5675))	Prec@1 87.333 (86.436)	Prec@5 97.333 (95.436)	
Epoch: [24][200/400]	Time 1.673 (1.682)	Loss 0.4647 (0.5665))	Prec@1 88.000 (86.514)	Prec@5 95.333 (95.410)	
Epoch: [24][225/400]	Time 1.671 (1.681)	Loss 0.6134 (0.5656))	Prec@1 86.667 (86.608)	Prec@5 96.000 (95.445)	
Epoch: [24][250/400]	Time 1.676 (1.681)	Loss 0.5451 (0.5683))	Prec@1 86.667 (86.608)	Prec@5 95.333 (95.413)	
Epoch: [24][275/400]	Time 1.674 (1.681)	Loss 0.5501 (0.5694))	Prec@1 86.667 (86.604)	Prec@5 94.000 (95.367)	
Epoch: [24][300/400]	Time 1.680 (1.680)	Loss 0.6141 (0.5706))	Prec@1 82.667 (86.509)	Prec@5 96.000 (95.395)	
Epoch: [24][325/400]	Time 1.679 (1.680)	Loss 0.4810 (0.5708))	Prec@1 90.000 (86.515)	Prec@5 96.667 (95.399)	
Epoch: [24][350/400]	Time 1.678 (1.680)	Loss 0.4482 (0.5701))	Prec@1 91.333 (86.560)	Prec@5 97.333 (95.421)	
Epoch: [24][375/400]	Time 1.680 (1.680)	Loss 0.6624 (0.5674))	Prec@1 82.667 (86.647)	Prec@5 94.000 (95.443)	
Tue Apr 30 01:24:38 2019
 * Prec@1 64.609
Epoch: [25][0/400]	Time 2.219 (2.219)	Loss 0.5325 (0.5325))	Prec@1 84.667 (84.667)	Prec@5 96.667 (96.667)	
Epoch: [25][25/400]	Time 1.680 (1.701)	Loss 0.7815 (0.5445))	Prec@1 83.333 (87.410)	Prec@5 90.667 (96.128)	
Epoch: [25][50/400]	Time 1.677 (1.691)	Loss 0.5936 (0.5498))	Prec@1 88.667 (87.137)	Prec@5 94.667 (95.856)	
Epoch: [25][75/400]	Time 1.672 (1.688)	Loss 0.4086 (0.5390))	Prec@1 89.333 (87.342)	Prec@5 98.667 (95.982)	
Epoch: [25][100/400]	Time 1.683 (1.685)	Loss 0.6613 (0.5412))	Prec@1 84.667 (87.386)	Prec@5 92.000 (95.815)	
Epoch: [25][125/400]	Time 1.678 (1.685)	Loss 0.6556 (0.5459))	Prec@1 84.000 (87.228)	Prec@5 94.000 (95.794)	
Epoch: [25][150/400]	Time 1.666 (1.684)	Loss 0.4748 (0.5440))	Prec@1 87.333 (87.188)	Prec@5 96.000 (95.881)	
Epoch: [25][175/400]	Time 1.684 (1.683)	Loss 0.4887 (0.5379))	Prec@1 89.333 (87.295)	Prec@5 95.333 (95.943)	
Epoch: [25][200/400]	Time 1.666 (1.683)	Loss 0.5959 (0.5354))	Prec@1 84.000 (87.400)	Prec@5 95.333 (95.950)	
Epoch: [25][225/400]	Time 1.679 (1.683)	Loss 0.6622 (0.5383))	Prec@1 83.333 (87.354)	Prec@5 95.333 (95.900)	
Epoch: [25][250/400]	Time 1.679 (1.683)	Loss 0.5871 (0.5426))	Prec@1 88.000 (87.275)	Prec@5 96.667 (95.846)	
Epoch: [25][275/400]	Time 1.680 (1.682)	Loss 0.6908 (0.5421))	Prec@1 83.333 (87.275)	Prec@5 94.667 (95.821)	
Epoch: [25][300/400]	Time 1.676 (1.682)	Loss 0.4644 (0.5396))	Prec@1 90.667 (87.367)	Prec@5 96.000 (95.847)	
Epoch: [25][325/400]	Time 1.677 (1.682)	Loss 0.6077 (0.5423))	Prec@1 86.000 (87.278)	Prec@5 94.667 (95.822)	
Epoch: [25][350/400]	Time 1.676 (1.682)	Loss 0.4251 (0.5423))	Prec@1 89.333 (87.292)	Prec@5 97.333 (95.837)	
Epoch: [25][375/400]	Time 1.679 (1.682)	Loss 0.5703 (0.5418))	Prec@1 88.000 (87.301)	Prec@5 94.667 (95.837)	
Tue Apr 30 01:36:21 2019
 * Prec@1 64.342
Epoch: [26][0/400]	Time 2.182 (2.182)	Loss 0.5466 (0.5466))	Prec@1 88.000 (88.000)	Prec@5 95.333 (95.333)	
Epoch: [26][25/400]	Time 1.677 (1.700)	Loss 0.4998 (0.5284))	Prec@1 85.333 (87.359)	Prec@5 96.667 (96.231)	
Epoch: [26][50/400]	Time 1.680 (1.688)	Loss 0.6148 (0.5275))	Prec@1 82.000 (87.712)	Prec@5 96.000 (95.948)	
Epoch: [26][75/400]	Time 1.685 (1.686)	Loss 0.4608 (0.5234))	Prec@1 90.667 (87.851)	Prec@5 96.000 (96.053)	
Epoch: [26][100/400]	Time 1.675 (1.684)	Loss 0.5455 (0.5227))	Prec@1 83.333 (87.723)	Prec@5 97.333 (95.987)	
Epoch: [26][125/400]	Time 1.683 (1.683)	Loss 0.5906 (0.5219))	Prec@1 86.667 (87.767)	Prec@5 95.333 (96.021)	
Epoch: [26][150/400]	Time 1.679 (1.683)	Loss 0.4073 (0.5230))	Prec@1 92.000 (87.717)	Prec@5 98.667 (96.018)	
Epoch: [26][175/400]	Time 1.683 (1.682)	Loss 0.4664 (0.5290))	Prec@1 90.000 (87.530)	Prec@5 96.000 (95.947)	
Epoch: [26][200/400]	Time 1.683 (1.682)	Loss 0.5190 (0.5256))	Prec@1 86.667 (87.619)	Prec@5 96.000 (95.983)	
Epoch: [26][225/400]	Time 1.685 (1.682)	Loss 0.4435 (0.5232))	Prec@1 87.333 (87.673)	Prec@5 97.333 (96.032)	
Epoch: [26][250/400]	Time 1.684 (1.681)	Loss 0.6055 (0.5261))	Prec@1 84.667 (87.554)	Prec@5 96.000 (95.984)	
Epoch: [26][275/400]	Time 1.683 (1.681)	Loss 0.4868 (0.5269))	Prec@1 91.333 (87.529)	Prec@5 96.667 (95.993)	
Epoch: [26][300/400]	Time 1.679 (1.681)	Loss 0.5841 (0.5262))	Prec@1 88.000 (87.579)	Prec@5 96.000 (96.000)	
Epoch: [26][325/400]	Time 1.679 (1.681)	Loss 0.6762 (0.5278))	Prec@1 82.667 (87.548)	Prec@5 93.333 (95.965)	
Epoch: [26][350/400]	Time 1.679 (1.681)	Loss 0.4749 (0.5274))	Prec@1 90.000 (87.514)	Prec@5 98.000 (95.985)	
Epoch: [26][375/400]	Time 1.681 (1.681)	Loss 0.3638 (0.5275))	Prec@1 92.667 (87.502)	Prec@5 98.667 (96.004)	
Tue Apr 30 01:48:03 2019
 * Prec@1 64.769
Epoch: [27][0/400]	Time 2.734 (2.734)	Loss 0.4803 (0.4803))	Prec@1 88.000 (88.000)	Prec@5 98.000 (98.000)	
Epoch: [27][25/400]	Time 1.678 (1.720)	Loss 0.5996 (0.4759))	Prec@1 85.333 (89.231)	Prec@5 92.667 (96.410)	
Epoch: [27][50/400]	Time 1.682 (1.699)	Loss 0.5955 (0.4927))	Prec@1 85.333 (88.837)	Prec@5 96.000 (96.366)	
Epoch: [27][75/400]	Time 1.678 (1.693)	Loss 0.4997 (0.5071))	Prec@1 89.333 (88.263)	Prec@5 96.000 (96.088)	
Epoch: [27][100/400]	Time 1.674 (1.690)	Loss 0.3830 (0.5085))	Prec@1 91.333 (88.211)	Prec@5 97.333 (96.132)	
Epoch: [27][125/400]	Time 1.681 (1.687)	Loss 0.3543 (0.5117))	Prec@1 90.667 (88.122)	Prec@5 98.667 (96.127)	
Epoch: [27][150/400]	Time 1.681 (1.686)	Loss 0.4818 (0.5086))	Prec@1 90.000 (88.256)	Prec@5 96.000 (96.199)	
Epoch: [27][175/400]	Time 1.682 (1.684)	Loss 0.4737 (0.5030))	Prec@1 89.333 (88.383)	Prec@5 95.333 (96.250)	
Epoch: [27][200/400]	Time 1.682 (1.684)	Loss 0.5734 (0.5048))	Prec@1 87.333 (88.352)	Prec@5 94.667 (96.232)	
Epoch: [27][225/400]	Time 1.679 (1.683)	Loss 0.4457 (0.5036))	Prec@1 92.000 (88.304)	Prec@5 96.667 (96.254)	
Epoch: [27][250/400]	Time 1.679 (1.683)	Loss 0.4795 (0.5039))	Prec@1 89.333 (88.255)	Prec@5 97.333 (96.255)	
Epoch: [27][275/400]	Time 1.678 (1.682)	Loss 0.4240 (0.5058))	Prec@1 89.333 (88.208)	Prec@5 98.000 (96.208)	
Epoch: [27][300/400]	Time 1.683 (1.682)	Loss 0.5101 (0.5041))	Prec@1 88.667 (88.252)	Prec@5 94.000 (96.241)	
Epoch: [27][325/400]	Time 1.677 (1.682)	Loss 0.4182 (0.5073))	Prec@1 88.000 (88.164)	Prec@5 97.333 (96.202)	
Epoch: [27][350/400]	Time 1.667 (1.682)	Loss 0.5209 (0.5092))	Prec@1 86.667 (88.123)	Prec@5 95.333 (96.182)	
Epoch: [27][375/400]	Time 1.680 (1.681)	Loss 0.5090 (0.5094))	Prec@1 88.667 (88.094)	Prec@5 97.333 (96.207)	
Tue Apr 30 01:59:49 2019
 * Prec@1 64.342
Epoch: [28][0/400]	Time 2.234 (2.234)	Loss 0.4871 (0.4871))	Prec@1 90.000 (90.000)	Prec@5 95.333 (95.333)	
Epoch: [28][25/400]	Time 1.680 (1.702)	Loss 0.7048 (0.4908))	Prec@1 82.000 (88.744)	Prec@5 92.667 (96.154)	
Epoch: [28][50/400]	Time 1.684 (1.692)	Loss 0.4266 (0.4957))	Prec@1 92.000 (88.549)	Prec@5 98.667 (96.248)	
Epoch: [28][75/400]	Time 1.680 (1.688)	Loss 0.5632 (0.4898))	Prec@1 84.667 (88.763)	Prec@5 96.000 (96.439)	
Epoch: [28][100/400]	Time 1.683 (1.686)	Loss 0.5530 (0.4954))	Prec@1 86.000 (88.581)	Prec@5 96.667 (96.376)	
Epoch: [28][125/400]	Time 1.676 (1.685)	Loss 0.5403 (0.4932))	Prec@1 88.667 (88.608)	Prec@5 96.667 (96.376)	
Epoch: [28][150/400]	Time 1.683 (1.684)	Loss 0.5545 (0.4938))	Prec@1 86.000 (88.675)	Prec@5 95.333 (96.331)	
Epoch: [28][175/400]	Time 1.685 (1.683)	Loss 0.4962 (0.4944))	Prec@1 88.667 (88.629)	Prec@5 94.667 (96.314)	
Epoch: [28][200/400]	Time 1.685 (1.683)	Loss 0.5148 (0.4907))	Prec@1 90.000 (88.730)	Prec@5 96.000 (96.385)	
Epoch: [28][225/400]	Time 1.685 (1.683)	Loss 0.4662 (0.4919))	Prec@1 89.333 (88.699)	Prec@5 96.667 (96.378)	
Epoch: [28][250/400]	Time 1.681 (1.683)	Loss 0.5410 (0.4915))	Prec@1 86.667 (88.728)	Prec@5 97.333 (96.398)	
Epoch: [28][275/400]	Time 1.686 (1.683)	Loss 0.4789 (0.4904))	Prec@1 89.333 (88.708)	Prec@5 98.000 (96.454)	
Epoch: [28][300/400]	Time 1.670 (1.683)	Loss 0.4798 (0.4908))	Prec@1 87.333 (88.673)	Prec@5 97.333 (96.458)	
Epoch: [28][325/400]	Time 1.676 (1.683)	Loss 0.4881 (0.4913))	Prec@1 89.333 (88.634)	Prec@5 94.667 (96.450)	
Epoch: [28][350/400]	Time 1.659 (1.683)	Loss 0.5285 (0.4896))	Prec@1 85.333 (88.636)	Prec@5 96.000 (96.490)	
Epoch: [28][375/400]	Time 1.680 (1.682)	Loss 0.6391 (0.4899))	Prec@1 84.667 (88.622)	Prec@5 94.667 (96.477)	
Tue Apr 30 02:11:32 2019
 * Prec@1 64.595
Epoch: [29][0/400]	Time 2.224 (2.224)	Loss 0.5280 (0.5280))	Prec@1 88.000 (88.000)	Prec@5 94.000 (94.000)	
Epoch: [29][25/400]	Time 1.687 (1.706)	Loss 0.3529 (0.4593))	Prec@1 90.000 (89.795)	Prec@5 98.667 (96.872)	
Epoch: [29][50/400]	Time 1.687 (1.696)	Loss 0.5114 (0.4629))	Prec@1 88.667 (89.542)	Prec@5 96.000 (96.745)	
Epoch: [29][75/400]	Time 1.689 (1.692)	Loss 0.3975 (0.4714))	Prec@1 92.000 (89.193)	Prec@5 97.333 (96.658)	
Epoch: [29][100/400]	Time 1.682 (1.690)	Loss 0.3711 (0.4719))	Prec@1 92.000 (89.089)	Prec@5 97.333 (96.660)	
Epoch: [29][125/400]	Time 1.681 (1.689)	Loss 0.4789 (0.4728))	Prec@1 91.333 (89.090)	Prec@5 95.333 (96.667)	
Epoch: [29][150/400]	Time 1.690 (1.689)	Loss 0.5397 (0.4755))	Prec@1 87.333 (88.945)	Prec@5 94.000 (96.596)	
Epoch: [29][175/400]	Time 1.687 (1.688)	Loss 0.3275 (0.4714))	Prec@1 93.333 (89.064)	Prec@5 98.667 (96.659)	
